<?xml version="1.0" encoding="UTF-8"?>
<testng-results ignored="0" total="1" passed="1" failed="0" skipped="0">
  <reporter-output>
  </reporter-output>
  <suite started-at="2024-02-15T20:50:53 IST" name="Suite" finished-at="2024-02-15T20:50:53 IST" duration-ms="44">
    <groups>
    </groups>
    <test started-at="2024-02-15T20:50:53 IST" name="Test" finished-at="2024-02-15T20:50:53 IST" duration-ms="44">
      <class name="testcase.Testng">
        <test-method signature="login(java.lang.String)[pri:0, instance:testcase.Testng@4efac082]" started-at="2024-02-15T20:50:53 IST" name="login" finished-at="2024-02-15T20:50:53 IST" duration-ms="6" status="PASS">
          <params>
            <param index="0">
              <value>
                <![CDATA[sachin]]>
              </value>
            </param>
          </params>
          <reporter-output>
          </reporter-output>
        </test-method> <!-- login -->
      </class> <!-- testcase.Testng -->
    </test> <!-- Test -->
  </suite> <!-- Suite -->
</testng-results>
